C51 COMPILER V9.01   MAIN                                                                  05/12/2021 17:23:28 PAGE 1   


C51 COMPILER V9.01, COMPILATION OF MODULE MAIN
OBJECT MODULE PLACED IN main.OBJ
COMPILER INVOKED BY: D:\STC51\C51\BIN\C51.EXE main.c LARGE BROWSE DEBUG OBJECTEXTEND

line level    source

   1          #include "oled.h"
   2          #include "reg52.h"
   3          //#include "intrins.h"
   4          #include "stdlib.h"
   5          
   6          #include "stdio.h"
   7          //#include "bmp.h"
   8          bit FLAG=0;
   9          
  10          
  11          void main()
  12          {
  13   1              unsigned char l,n,num,lasty;
  14   1      //      Init();
  15   1              unsigned char i,a=0,b=0,c=127,d=63,e=0,f=0,g=0,h,j,k;
  16   1              OLED_Init();
  17   1              OLED_Clear();
  18   1      /*      for(i=0;i<8;i++)
  19   1              {
  20   1                      a+=7;
  21   1                      b+=3;
  22   1                      c-=7;
  23   1                      d-=3;
  24   1                      Draw_Rectangle(a,b,c,d,1);
  25   1                      Delay_50ms(5);
  26   1              }
  27   1              Delay_50ms(20);
  28   1              OLED_Clear();
  29   1              for(i=0;i<4;i++)
  30   1              {
  31   1                      Draw_dimond(20+e,30,20);
  32   1                      Draw_dimond(20+e,30,6);
  33   1                      e+=30;
  34   1                      
  35   1                      Delay_50ms(5);
  36   1              }
  37   1              Draw_Hline(0,128,0,20);
  38   1              Draw_Hline(0,128,63,20);
  39   1              Delay_50ms(20);
  40   1              OLED_Clear();  
  41   1              for(i=0;i<4;i++)
  42   1              {
  43   1                      Draw_Hline(0,128,0+g,10);
  44   1              
  45   1                      g+=16;
  46   1                      
  47   1      
  48   1              }
  49   1              for(i=0;i<4;i++)
  50   1              {
  51   1                      Draw_Vline(0,63,0+f,20);
  52   1              
  53   1                      f+=16;
  54   1                      
  55   1                      Delay_50ms(5);
C51 COMPILER V9.01   MAIN                                                                  05/12/2021 17:23:28 PAGE 2   

  56   1              }
  57   1              for(i=0;i<4;i++)
  58   1              {
  59   1                      Draw_VlineF(0,63,0+f,20);
  60   1                      f+=16;
  61   1                      
  62   1                      Delay_50ms(5);
  63   1              }
  64   1              for(h=0;h<7;h++)
  65   1              {
  66   1                      OLED_ShowNum(3+h*16,1,h,1,8);
  67   1                      Delay_50ms(3);
  68   1              }
  69   1              for(j=1;j<8;j++)
  70   1              {
  71   1                      OLED_ShowNum(3+(j-1)*16,3,j,1,8);
  72   1                      Delay_50ms(3);
  73   1              }
  74   1              for(k=2;k<9;k++)
  75   1              {
  76   1                      OLED_ShowNum(3+(k-2)*16,5,k,1,8);
  77   1                      Delay_50ms(3);
  78   1              }
  79   1              OLED_DrawLine(0,0,128,64);
  80   1              Delay_50ms(3);
  81   1              OLED_DrawLine(0,63,128,0);
  82   1              Delay_50ms(10);
  83   1              OLED_Clear();   */
  84   1              Draw_dimond(43,30,20);
  85   1              OLED_DrawLine(43,10,93,21);
  86   1              Delay_50ms(10);
  87   1              OLED_DrawLine(43,50,93,39);
  88   1              Draw_Hline(65,85,30,30);
  89   1              Draw_dimond(93,30,10);
  90   1              Delay_50ms(10);
  91   1          OLED_ShowString(20,50,"Hello World!",8);
  92   1              Draw_Rectangle(1,1,126,62,5);
  93   1              Delay_50ms(30);
  94   1      
  95   1              OLED_Clear();
  96   1              Draw_Hline(25,128,50,5);
  97   1              Draw_Vline(0,50,24,5);
  98   1              Draw_dimond(10,32,8);
  99   1              Draw_dimond(10,48,8);           
 100   1              //OLED_DrawLine(30,30,70,30);  
 101   1              while(1)
 102   1              { 
 103   2      
 104   2      
 105   2                for(l=28;l<129;l+=5)
 106   2                {
 107   3                        if(l>=128)
 108   3                        {
 109   4                               FLAG = 1;
 110   4                        }
 111   3                        if(FLAG ==1)
 112   3                        {             
 113   4                              for(n=l-3;n<l+1;n++)
 114   4                              {
 115   5                                      Clear(0,50,n,0);
 116   5                              }
 117   4                        }
C51 COMPILER V9.01   MAIN                                                                  05/12/2021 17:23:28 PAGE 3   

 118   3                        num = rand()%48;
 119   3                        OLED_ShowNum(0,0,num,2,16);
 120   3      
 121   3                        OLED_DrawLine(l-3,lasty,l,num);       
 122   3                        lasty = num;
 123   3      
 124   3                        Delay_50ms(1);
 125   3      
 126   3                       
 127   3              }
 128   2              
 129   2              Clear(0,50,27,0);
 130   2              Clear(0,50,28,0);
 131   2              Clear(0,50,25,0);
 132   2              Clear(0,50,26,0);                         
 133   2                                              
 134   2              }
 135   1              /*超声波部分
 136   1                      StartModule();
 137   1                  while(!Echo);               //当RX为零时等待
 138   1                  TR0=1;                          //开启计数
 139   1                  while(Echo);                        //当RX为1计数并等待
 140   1                  TR0=0;                              //关闭计数
 141   1              Conut();                        //计算
 142   1                      Delay_50ms(1);
 143   1                      // 红外部分
 144   1                      if(H1==1&&H2==1)
 145   1                      {
 146   1                              OLED_ShowString(0,4,"Go Forward!",16);
 147   1                      }
 148   1                      if(H1==0&&H2==1)
 149   1                      {
 150   1                              OLED_ShowString(0,4,"Trun Right!",16);  
 151   1                      }
 152   1                      if(H2 == 0&&H1==1)
 153   1                      {
 154   1                              OLED_ShowString(0,4,"Trun  Left!",16);
 155   1                      }
 156   1      
 157   1                      if((H2==0)&&(H1==0))
 158   1                      {
 159   1                              OLED_ShowString(0,4,"GoBackward!",16);
 160   1                      }       
 161   1              } */
 162   1      }
*** WARNING C280 IN LINE 15 OF MAIN.C: 'i': unreferenced local variable
*** WARNING C280 IN LINE 15 OF MAIN.C: 'h': unreferenced local variable
*** WARNING C280 IN LINE 15 OF MAIN.C: 'j': unreferenced local variable
*** WARNING C280 IN LINE 15 OF MAIN.C: 'k': unreferenced local variable


MODULE INFORMATION:   STATIC OVERLAYABLE
   CODE SIZE        =    475    ----
   CONSTANT SIZE    =     13    ----
   XDATA SIZE       =   ----      15
   PDATA SIZE       =   ----    ----
   DATA SIZE        =   ----    ----
   IDATA SIZE       =   ----    ----
   BIT SIZE         =      1    ----
END OF MODULE INFORMATION.


C51 COMPILATION COMPLETE.  4 WARNING(S),  0 ERROR(S)
