C51 COMPILER V9.54   MAIN                                                                  07/28/2022 22:59:05 PAGE 1   


C51 COMPILER V9.54, COMPILATION OF MODULE MAIN
OBJECT MODULE PLACED IN .\Objects\main.obj
COMPILER INVOKED BY: D:\Keil_v5\C51\BIN\C51.EXE main.c OPTIMIZE(8,SPEED) BROWSE DEBUG OBJECTEXTEND PRINT(.\Listings\main
                    -.lst) OBJECT(.\Objects\main.obj)

line level    source

   1          #include  <reg51.h>
   2          
   3          
   4          void delay(){
   5   1       unsigned int i,j,k;
   6   1               
   7   1              for(i=0;i<167;i++);
   8   1                 for(j=0;j<133;j++);
   9   1                    for(k=0;k<14;k++);
  10   1              //公式:  （（（（N1*3+1）+2)*N2+1）+2)*N1+1
  11   1         //又因为i,j,k 都是正整数而且不超过255、得167，133，14
  12   1      }
  13          
  14          void main()
  15          {  
  16   1              while(1){
  17   2         // P2 = 0x00;  //全部点亮
  18   2                      
  19   2      //              P2 = 0x01;
  20   2      //        delay();
  21   2      //              P2 = 0x01<<1;
  22   2      //           delay();
  23   2      //              P2 = 0x01<<2;
  24   2      //               delay();
  25   2      //              P2 = 0x01<<3;
  26   2      //           delay();
  27   2      //              P2 = 0x01<<4;
  28   2      //               delay();
  29   2      //              P2 = 0x01<<5;
  30   2      //           delay();
  31   2      //              P2 = 0x01<<6;
  32   2      //         delay();
  33   2      //              P2 = 0x01<<7;
  34   2              unsigned int x;
  35   2                      for(x=0;x<7;x++){
  36   3                              P2 = 0x01<<x;
  37   3                 delay();
  38   3                      
  39   3                      }
  40   2                      
  41   2              
  42   2              }
  43   1              
  44   1      
  45   1      
  46   1      }
  47          


MODULE INFORMATION:   STATIC OVERLAYABLE
   CODE SIZE        =     85    ----
   CONSTANT SIZE    =   ----    ----
   XDATA SIZE       =   ----    ----
   PDATA SIZE       =   ----    ----
C51 COMPILER V9.54   MAIN                                                                  07/28/2022 22:59:05 PAGE 2   

   DATA SIZE        =   ----       2
   IDATA SIZE       =   ----    ----
   BIT SIZE         =   ----    ----
END OF MODULE INFORMATION.


C51 COMPILATION COMPLETE.  0 WARNING(S),  0 ERROR(S)
