C51 COMPILER V9.54   MAIN                                                                  10/18/2022 19:20:28 PAGE 1   


C51 COMPILER V9.54, COMPILATION OF MODULE MAIN
OBJECT MODULE PLACED IN .\Objects\main.obj
COMPILER INVOKED BY: D:\Keil_v5\C51\BIN\C51.EXE main.c ROM(COMPACT) OPTIMIZE(8,SPEED) BROWSE DEBUG OBJECTEXTEND PRINT(.\
                    -Listings\main.lst) OBJECT(.\Objects\main.obj)

line level    source

   1          //              @布丁橘长  20220720
   2          //              高度优化OLED图片刷新率，
   3          //
   4          //              提供：  低刷新率        图片显示函数：OLED_DrawBMP（） 
   5          //                                      中刷新率                图片显示函数：OLED_DrawBMP_Fast（） 
   6          //                                      高刷新率                图片显示函数：OLED_DrawBMP_Faster（）
   7          //                                      图片左右循环移动函数：BMPmove()
   8          //              0.96 OLED显示Chrome小恐龙游戏动画，小恐龙移动、跳跃效果
   9          //              STC89C52RC/STC12C5A60S2/ST15F2K60S2均适用，11.0592MHz，OLED屏为I2C接口
  10          //              OLED_SCL=P2^0;  OLED_SDA=P2^1;          
  11          
  12          #include <reg51.h>
  13          #include <oled.h>                                                                       //OLED库函数
  14          
  15          #define uchar unsigned char                             //用uchar 表示 unsigned char类型
  16          #define uint unsigned int                                       //用uint 表示 unsigned int类型
  17          
  18          sbit LEFTkey = P3^0;                                                    //按键左
  19          sbit UPkey = P3^1;                                                              //按键右
  20          sbit RIGHTkey = P3^2;                                                   //按键上
  21          sbit DOWNkey = P3^3;                                                    //按键下
  22          
  23          void keyscan();                                                                         //按键扫描函数声明
  24          
  25          extern uchar code BMPclr[];                             //图片外部变量声明：空图片
  26          extern uchar code BMP0[];                                       //图片外部变量声明：小恐龙1
  27          extern uchar code BMP1[];                                       //图片外部变量声明：小恐龙2                             
  28          extern uchar code BMP2[];                                       //图片外部变量声明：云  
  29          extern uchar code BMP3[];                                       //图片外部变量声明：仙人掌
  30          extern unsigned char code F6x8[][6];
  31          extern unsigned char code F8X16[];
  32          uchar bx,by;                                                    //图片坐标，图片移动坐标
  33          uchar upflag,downflag;                                          //跳跃状态标志，上升状态，下落状态                                                                      
  34          
  35          void main(void)
  36          {
  37   1              uint i;
  38   1              bx = 0;                                                                                                 //小恐龙初始坐标：第0列，第4页
  39   1              by = 4;
  40   1              upflag = downflag = 0;                                  //初始化跳跃标志
  41   1              OLED_Init();                                                                            //初始化OLED  
  42   1              OLED_Clear();                                                                           //清一次屏
  43   1              while(1)
  44   1              {       
  45   2                      i++;
  46   2                      if(i>9999) i = 0;
  47   2                      OLED_ShowNum(66,3,i,4,8);
  48   2                      BMPmove(20,0,52,2,BMP2,LEFT,0);                                                         //云图片循环左移
  49   2                      BMPmove(90,4,106,8,BMP3,LEFT,0);                                                        //仙人掌图片循环左移
  50   2                      OLED_ShowCHinese(0,2,0);        
  51   2                      OLED_ShowCHinese(16,2,1);       
  52   2                      OLED_ShowCHinese(32,2,2);       
  53   2                      OLED_ShowCHinese(48,2,3);
  54   2                      OLED_ShowString(100,0,"000",16);                
C51 COMPILER V9.54   MAIN                                                                  10/18/2022 19:20:28 PAGE 2   

  55   2                      OLED_DrawBMP_Faster(bx,by,bx+32,by+4,BMP0);                                     //绘制小恐龙1   
  56   2              //      delay_ms(10);                                                                                                                                   //小恐龙图1和图2组合成踏步效果，稍作延时
  57   2                      OLED_DrawBMP_Faster(bx,by,bx+32,by+4,BMP1);                                     //绘制小恐龙2
  58   2              //      delay_ms(10);                                                                                                                                   //小恐龙图1和图2组合成踏步效果，稍作延时
  59   2                      if(upflag == 0 && downflag == 0) keyscan();             //小恐龙在地上才扫描按键，跳跃状态按键失效
  60   2                      if(upflag == 1)                                                                                                                         //跳跃状态-上升时
  61   2                      {
  62   3                              if(by == 0)                                                                                                                                     //到最高处
  63   3                              {
  64   4                                      upflag = 0;
  65   4                                      downflag = 1;                                                                                                                   //清空上升标志，下落标志置1
  66   4                              }
  67   3                              if(by >=1)                                                                                                                                      //行坐标大于等于1页时，才执行减减操作
  68   3                              {
  69   4                                      OLED_DrawBMP_Faster(bx,by+3,bx+32,by+4,BMPclr); //消除脚下残影
  70   4                                      by--;                                                                                                                                                   //往上移动一页
  71   4                              }
  72   3                      }
  73   2                      if(downflag == 1)                                                                                                                       //下落状态
  74   2                      {
  75   3                              if(by == 4)                                                                                                                                     //到最低处
  76   3                              {
  77   4                                      downflag = 0;                                                                                                                   //清空下落标志
  78   4                              }
  79   3                              if(by <= 3)                                                                                                                                     //行坐标小于3页时，才执行加加操作
  80   3                              {
  81   4                                      OLED_DrawBMP_Faster(bx,by,bx+32,by+1,BMPclr);           //消除头顶残影
  82   4                                      by++;                                                                                                                                                   //下移一页
  83   4                              }
  84   3                      }
  85   2                      
  86   2              }
  87   1      }
  88          void keyscan()                                                                                                                                          //按键扫描
  89          {
  90   1              if(UPkey == 0)                                                                                                                                  //上
  91   1              {
  92   2              //      delay_ms(10);                                                                                                                                   //去抖
  93   2                      if(UPkey == 0)
  94   2                      {
  95   3                              upflag = 1;                                                                                                                                     //跳跃标识置1
  96   3                      }
  97   2              }
  98   1              if(LEFTkey == 0)                                                                                                                                //左
  99   1              {
 100   2              //      delay_ms(10);
 101   2                      if(LEFTkey == 0)
 102   2                      {
 103   3                              OLED_DrawBMP_Faster(bx+32-8,by,bx+32,by+8,BMPclr);      //消除右边残影
 104   3                              if(bx <= 0) bx = 128;                                                                                           //控制在128范围内
 105   3                              bx -=8;                                                                                                                                                 //一次左移8列像素
 106   3                      }
 107   2              }
 108   1              if(RIGHTkey == 0)                                                                                                                               //右
 109   1              {
 110   2              //      delay_ms(10);
 111   2                      if(RIGHTkey == 0)
 112   2                      {
 113   3                              OLED_DrawBMP_Faster(bx,by,bx+8,by+8,BMPclr);                            //消除左边残影
 114   3                              bx +=8;                                                                                                                                                 //一次右移8列像素
 115   3                              if(bx >= 128) bx = 0;                                                                                           //控制住128范围内
 116   3                      }
C51 COMPILER V9.54   MAIN                                                                  10/18/2022 19:20:28 PAGE 3   

 117   2                      
 118   2              }
 119   1      }


MODULE INFORMATION:   STATIC OVERLAYABLE
   CODE SIZE        =    446    ----
   CONSTANT SIZE    =      4    ----
   XDATA SIZE       =   ----    ----
   PDATA SIZE       =   ----    ----
   DATA SIZE        =      4       2
   IDATA SIZE       =   ----    ----
   BIT SIZE         =   ----    ----
END OF MODULE INFORMATION.


C51 COMPILATION COMPLETE.  0 WARNING(S),  0 ERROR(S)
