C51 COMPILER V9.54   LED                                                                   07/28/2022 21:34:19 PAGE 1   


C51 COMPILER V9.54, COMPILATION OF MODULE LED
OBJECT MODULE PLACED IN .\Objects\led.obj
COMPILER INVOKED BY: D:\Keil_v5\C51\BIN\C51.EXE led.c OPTIMIZE(8,SPEED) BROWSE DEBUG OBJECTEXTEND PRINT(.\Listings\led.l
                    -st) OBJECT(.\Objects\led.obj)

line level    source

   1          #include  <reg51.h>
   2          void delay();
   3          
   4          sbit LED = P0^0;
   5          void main()
   6                  
   7          {   
   8   1              
   9   1              while(1){
  10   2              
  11   2                LED = 1;
  12   2                delay();
  13   2               LED = 0;
  14   2              delay();
  15   2              
  16   2              }
  17   1       
  18   1      }
  19          
  20          void delay(){
  21   1         int i;
  22   1              for(i=0;i<1000;i++ );
  23   1         
  24   1      }


MODULE INFORMATION:   STATIC OVERLAYABLE
   CODE SIZE        =     27    ----
   CONSTANT SIZE    =   ----    ----
   XDATA SIZE       =   ----    ----
   PDATA SIZE       =   ----    ----
   DATA SIZE        =   ----    ----
   IDATA SIZE       =   ----    ----
   BIT SIZE         =   ----    ----
END OF MODULE INFORMATION.


C51 COMPILATION COMPLETE.  0 WARNING(S),  0 ERROR(S)
