C51 COMPILER V9.01   MAIN                                                                  09/20/2019 08:42:40 PAGE 1   


C51 COMPILER V9.01, COMPILATION OF MODULE MAIN
OBJECT MODULE PLACED IN main.OBJ
COMPILER INVOKED BY: D:\YZ\KEILC51\C51\BIN\C51.EXE main.c BROWSE DEBUG OBJECTEXTEND

line level    source

   1          /**  
   2          Է
   3          ̵ļֲֵ£
   4          1                       2                       3                       4
   5          5                       6                       7                       8
   6          9                  10              11              12
   7          13                 14              15              16
   8          1LED/ͨƲԣʵЧһյLEDѭơ
   9          2ԣʵЧǷһֱ졣
  10          3ܲԣʵЧʾ0-7֡
  11          4DS18B20ԣʵЧʾ¶ȡ
  12          5LEDԣȽģϵJ1Ӷ̽ӵGNDࣨOEGND̽ӣʵЧʾ
  13          6DS1302ԣʵЧʾʱӡ
  14          7ADCԣʵЧʾλADֵ
  15          8: DACԣȽDAģP3ӵLEDDAC̽ӣʵЧDA1ָʾƳʺЧ
  16          9ңزԣʵЧʾңļֵ
  17          10ԣӺòʵЧǲת
  18          11EEPROMԣʵЧǣK1ΪдK2Ϊ㣬K3ΪK4Ϊּ1д뵽EEPROMڣK3
             -ܿʾȡݡɺ踴λϵͳ
  19          12LCD1602ԣLCD1602ҺʾַϢ
  20          ֵչ
  21          ע⣡
  22          1LCD1602ûʾLCDӿµĵλԼLCD1602һʾʱͿʾˡ
  23          
  24          
  25          */
  26          
  27          #include "public.h"
  28          #include "key.h"
  29          #include "led.h"
  30          #include "time.h"
  31          #include "beep.h"
  32          #include "smg.h"
  33          #include "leddz.h"
  34          #include "zlmoto.h"
  35          #include "bjmoto.h"
  36          #include "eeprom.h"
  37          #include "ds18b20.h"
  38          #include "ds1302.h"
  39          #include "xpt2046.h"
  40          #include "dac.h"
  41          #include "hwjs.h"
  42          #include "lcd1602.h"
  43          
  44          
  45          void main()
  46          {
  47   1              Timer0Init();
  48   1              
  49   1              while(1)
  50   1              {
  51   2                      switch(KeyValue)
  52   2                      {
  53   3                              case LED_TEST: LED_Test();break;                //LED
  54   3                              case BEEP_TEST: BEEP_Test();break;              //
C51 COMPILER V9.01   MAIN                                                                  09/20/2019 08:42:40 PAGE 2   

  55   3                              case SMG_TEST: SMG_Test();break;                //ܲ
  56   3                              case DS18B20_TEST: DS18B20_Test();break;        //DS18B20
  57   3                              case LEDDZ_TEST: LEDDZ_Test();break;            //LED
  58   3                              case DS1302_TEST: DS1302_Test();break;          //DS1302
  59   3                              case ADC_TEST: ADC_Test();break;                //ADC
  60   3                              case DAC_TEST: DAC_Test();break;                //DAC
  61   3                              case HWJS_TEST: HWJS_Test();break;              //ңز
  62   3                              case BJMOTO_TEST: BJMOTO_Test();break;  //
  63   3                              case EEPROM_TEST: EEPROM_Test();break;  //EEPROM
  64   3                              case LCD1602_TEST: LCD1602_Test();break;        //LCD1602
  65   3      
  66   3                              case ZLMOTO_TEST: ZLMOTO_Test();break;  //ֱ
  67   3                              
  68   3                              
  69   3                      }
  70   2                      
  71   2                      
  72   2              }               
  73   1      }


MODULE INFORMATION:   STATIC OVERLAYABLE
   CODE SIZE        =    140    ----
   CONSTANT SIZE    =   ----    ----
   XDATA SIZE       =   ----    ----
   PDATA SIZE       =   ----    ----
   DATA SIZE        =   ----    ----
   IDATA SIZE       =   ----    ----
   BIT SIZE         =   ----    ----
END OF MODULE INFORMATION.


C51 COMPILATION COMPLETE.  0 WARNING(S),  0 ERROR(S)
