C51 COMPILER V9.01   PUBLIC                                                                09/20/2019 08:40:56 PAGE 1   


C51 COMPILER V9.01, COMPILATION OF MODULE PUBLIC
OBJECT MODULE PLACED IN public.OBJ
COMPILER INVOKED BY: D:\YZ\KEILC51\C51\BIN\C51.EXE public.c BROWSE DEBUG OBJECTEXTEND

line level    source

   1          #include "public.h"
   2          
   3          u8 KeyValue=0;
   4          u8 DisPlayData[8];
   5          
   6          u8 smgduan[17]={0x3f,0x06,0x5b,0x4f,0x66,0x6d,0x7d,0x07,
   7                                                  0x7f,0x6f,0x77,0x7c,0x39,0x5e,0x79,0x71};//œ‘ æ0~Fµƒ÷µ
   8          
   9          void delay(u16 i)
  10          {
  11   1              while(i--);     
  12   1      }


MODULE INFORMATION:   STATIC OVERLAYABLE
   CODE SIZE        =     11    ----
   CONSTANT SIZE    =   ----    ----
   XDATA SIZE       =   ----    ----
   PDATA SIZE       =   ----    ----
   DATA SIZE        =     26    ----
   IDATA SIZE       =   ----    ----
   BIT SIZE         =   ----    ----
END OF MODULE INFORMATION.


C51 COMPILATION COMPLETE.  0 WARNING(S),  0 ERROR(S)
