C51 COMPILER V9.01   TIME                                                                  09/20/2019 08:40:57 PAGE 1   


C51 COMPILER V9.01, COMPILATION OF MODULE TIME
OBJECT MODULE PLACED IN time.OBJ
COMPILER INVOKED BY: D:\YZ\KEILC51\C51\BIN\C51.EXE time.c BROWSE DEBUG OBJECTEXTEND

line level    source

   1          #include "time.h"
   2          #include "key.h"
   3          
   4          
   5          void Timer0Init(void)
   6          {
   7   1              TMOD|=0X01;//选择为定时器0模式，工作方式1，仅用TR0打开启动。
   8   1      
   9   1              TH0=0X8a;       //给定时器赋初值，定时30ms
  10   1              TL0=0Xd0;       
  11   1              ET0=1;//打开定时器0中断允许
  12   1              EA=1;//打开总中断
  13   1              TR0=1;//打开定时器                      
  14   1      }
  15          
  16          
  17          void Timer0() interrupt 1
  18          {
  19   1              static u8 i;
  20   1              TH0=0X8a;       //给定时器赋初值，定时30ms
  21   1              TL0=0Xd0;
  22   1              i++;
  23   1              if(i==1)
  24   1              {
  25   2                      i=0;
  26   2                      KEY_Scan();     
  27   2              }       
  28   1      }
  29          
  30          


MODULE INFORMATION:   STATIC OVERLAYABLE
   CODE SIZE        =     91    ----
   CONSTANT SIZE    =   ----    ----
   XDATA SIZE       =   ----    ----
   PDATA SIZE       =   ----    ----
   DATA SIZE        =      1    ----
   IDATA SIZE       =   ----    ----
   BIT SIZE         =   ----    ----
END OF MODULE INFORMATION.


C51 COMPILATION COMPLETE.  0 WARNING(S),  0 ERROR(S)
