C51 COMPILER V9.54   MAIN                                                                  09/18/2022 11:42:04 PAGE 1   


C51 COMPILER V9.54, COMPILATION OF MODULE MAIN
OBJECT MODULE PLACED IN main.OBJ
COMPILER INVOKED BY: D:\Keil_v5\C51\BIN\C51.exe main.c

line level    source

   1          #include <REG52.h>
   2          #include "UART.h"
   3          const flag = 1;
   4          sbit LED = P2 ^ 0;
   5          void main()
   6          {
   7   1          UartInit();
   8   1          while (1)
   9   1          {
  10   2              if (flag)
  11   2              {
  12   3                  printf("Hello World!");
  13   3                  LED = 0;
  14   3                  flag = ~flag;
*** ERROR C183 IN LINE 14 OF main.c: unmodifiable lvalue
  15   3              }
  16   2          }
  17   1      }

C51 COMPILATION COMPLETE.  0 WARNING(S),  1 ERROR(S)
