C51 COMPILER V9.54   MAIN                                                                  09/18/2022 11:41:54 PAGE 1   


C51 COMPILER V9.54, COMPILATION OF MODULE MAIN
OBJECT MODULE PLACED IN main.OBJ
COMPILER INVOKED BY: D:\Keil_v5\C51\BIN\C51.exe main.c

line level    source

   1          #include <REG52.h>
   2          #include "UART.h"
   3          int flag = 1;
   4          sbit LED = P2 ^ 0;
   5          void delay(u16 i)
*** ERROR C141 IN LINE 5 OF main.c: syntax error near 'i', expected ')'
   6          {
   7   1          while (i--)
*** ERROR C202 IN LINE 7 OF main.c: 'i': undefined identifier
   8   1              ;
   9   1      }
  10          
  11          void main()
  12          {
  13   1          UartInit();
  14   1          while (1)
  15   1          {
  16   2              if (flag)
  17   2              {
  18   3      
  19   3                  printf("Hello World!");
  20   3                  LED = ~LED;
  21   3                  delay(50000); //大约延时450ms
  22   3                  flag = ~flag;
  23   3              }
  24   2          }
  25   1      }

C51 COMPILATION COMPLETE.  0 WARNING(S),  2 ERROR(S)
