C51 COMPILER V9.01   DAC                                                                   09/20/2019 08:40:58 PAGE 1   


C51 COMPILER V9.01, COMPILATION OF MODULE DAC
OBJECT MODULE PLACED IN dac.OBJ
COMPILER INVOKED BY: D:\YZ\KEILC51\C51\BIN\C51.EXE dac.c BROWSE DEBUG OBJECTEXTEND

line level    source

   1          #include "dac.h"
   2          
   3          bit DIR;
   4          
   5          //--定义一个全局变量--// 
   6          u16 count,value,timer1;
   7          
   8          
   9          void Timer1Init()
  10          {
  11   1              TMOD|=0X10;//选择为定时器1模式，工作方式1，仅用TR1打开启动。
  12   1      
  13   1              TH1 = 0xFF; 
  14   1              TL1 = 0xff;   //1us
  15   1                      
  16   1              ET1=1;//打开定时器1中断允许
  17   1              EA=1;//打开总中断
  18   1              TR1=1;//打开定时器                      
  19   1      }
  20          
  21          
  22          void Time1(void) interrupt 3    //3 为定时器1的中断号  1 定时器0的中断号 0 外部中断1 2 外部中断2  4 串口中
             -断
  23          {
  24   1              TH1 = 0xFF; 
  25   1              TL1 = 0xff;   //1us
  26   1              timer1++; 
  27   1          count++;
  28   1              
  29   1      }
  30          
  31          
  32          void DAC_Test(void)
  33          {
  34   1              Timer1Init();  //定时器1初始化
  35   1      
  36   1              while(1)
  37   1              {
  38   2                      if(count>100)                                                   
  39   2                      {  
  40   3                              count=0;
  41   3                              if(DIR==1)                                         //DIR控制增加或减小
  42   3                              {
  43   4                                value++;
  44   4                              }                       
  45   3                              if(DIR==0)
  46   3                              {
  47   4                                value--;
  48   4                              }
  49   3                                      
  50   3                      }
  51   2      
  52   2                      if(value==1000)
  53   2                      {
  54   3                        DIR=0;
C51 COMPILER V9.01   DAC                                                                   09/20/2019 08:40:58 PAGE 2   

  55   3                      }
  56   2                      if(value==0)
  57   2                      {
  58   3                        DIR=1;
  59   3                      }       
  60   2                                      
  61   2                      if(timer1>1000)  //PWM周期为1000*1us
  62   2                      {
  63   3                              timer1=0;
  64   3                      }
  65   2                      if(timer1 <value)       
  66   2                      {
  67   3                              PWM=1;
  68   3                      }
  69   2                      else
  70   2                      {
  71   3                              PWM=0;
  72   3                      }                       
  73   2      
  74   2                      if(KeyValue!=DAC_TEST)
  75   2                      {
  76   3                              TR1=0;
  77   3                              return; 
  78   3                      }
  79   2              }
  80   1      }


MODULE INFORMATION:   STATIC OVERLAYABLE
   CODE SIZE        =    146    ----
   CONSTANT SIZE    =   ----    ----
   XDATA SIZE       =   ----    ----
   PDATA SIZE       =   ----    ----
   DATA SIZE        =      6    ----
   IDATA SIZE       =   ----    ----
   BIT SIZE         =      1    ----
END OF MODULE INFORMATION.


C51 COMPILATION COMPLETE.  0 WARNING(S),  0 ERROR(S)
