C51 COMPILER V9.01   DS1302                                                                09/20/2019 08:40:58 PAGE 1   


C51 COMPILER V9.01, COMPILATION OF MODULE DS1302
OBJECT MODULE PLACED IN ds1302.OBJ
COMPILER INVOKED BY: D:\YZ\KEILC51\C51\BIN\C51.EXE ds1302.c BROWSE DEBUG OBJECTEXTEND

line level    source

   1          #include "ds1302.h"
   2          #include "smg.h"
   3          
   4          
   5          //---DS1302写入和读取时分秒的地址命令---//
   6          //---秒分时日月周年 最低位读写位;-------//
   7          uchar code READ_RTC_ADDR[7] = {0x81, 0x83, 0x85, 0x87, 0x89, 0x8b, 0x8d}; 
   8          uchar code WRITE_RTC_ADDR[7] = {0x80, 0x82, 0x84, 0x86, 0x88, 0x8a, 0x8c};
   9          
  10          //---DS1302时钟初始化2016年5月7日星期六12点00分00秒。---//
  11          //---存储顺序是秒分时日月周年,存储格式是用BCD码---//
  12          uchar TIME[7] = {0, 0, 0x12, 0x07, 0x05, 0x06, 0x16};
  13          
  14          /*******************************************************************************
  15          * 函 数 名         : Ds1302Write
  16          * 函数功能                 : 向DS1302命令（地址+数据）
  17          * 输    入         : addr,dat
  18          * 输    出         : 无
  19          *******************************************************************************/
  20          
  21          void Ds1302Write(uchar addr, uchar dat)
  22          {
  23   1              uchar n;
  24   1              RST = 0;
  25   1              _nop_();
  26   1      
  27   1              SCLK = 0;//先将SCLK置低电平。
  28   1              _nop_();
  29   1              RST = 1; //然后将RST(CE)置高电平。
  30   1              _nop_();
  31   1      
  32   1              for (n=0; n<8; n++)//开始传送八位地址命令
  33   1              {
  34   2                      DSIO = addr & 0x01;//数据从低位开始传送
  35   2                      addr >>= 1;
  36   2                      SCLK = 1;//数据在上升沿时，DS1302读取数据
  37   2                      _nop_();
  38   2                      SCLK = 0;
  39   2                      _nop_();
  40   2              }
  41   1              for (n=0; n<8; n++)//写入8位数据
  42   1              {
  43   2                      DSIO = dat & 0x01;
  44   2                      dat >>= 1;
  45   2                      SCLK = 1;//数据在上升沿时，DS1302读取数据
  46   2                      _nop_();
  47   2                      SCLK = 0;
  48   2                      _nop_();        
  49   2              }       
  50   1                       
  51   1              RST = 0;//传送数据结束
  52   1              _nop_();
  53   1      }
  54          
  55          /*******************************************************************************
C51 COMPILER V9.01   DS1302                                                                09/20/2019 08:40:58 PAGE 2   

  56          * 函 数 名         : Ds1302Read
  57          * 函数功能                 : 读取一个地址的数据
  58          * 输    入         : addr
  59          * 输    出         : dat
  60          *******************************************************************************/
  61          
  62          uchar Ds1302Read(uchar addr)
  63          {
  64   1              uchar n,dat,dat1;
  65   1              RST = 0;
  66   1              _nop_();
  67   1      
  68   1              SCLK = 0;//先将SCLK置低电平。
  69   1              _nop_();
  70   1              RST = 1;//然后将RST(CE)置高电平。
  71   1              _nop_();
  72   1      
  73   1              for(n=0; n<8; n++)//开始传送八位地址命令
  74   1              {
  75   2                      DSIO = addr & 0x01;//数据从低位开始传送
  76   2                      addr >>= 1;
  77   2                      SCLK = 1;//数据在上升沿时，DS1302读取数据
  78   2                      _nop_();
  79   2                      SCLK = 0;//DS1302下降沿时，放置数据
  80   2                      _nop_();
  81   2              }
  82   1              _nop_();
  83   1              for(n=0; n<8; n++)//读取8位数据
  84   1              {
  85   2                      dat1 = DSIO;//从最低位开始接收
  86   2                      dat = (dat>>1) | (dat1<<7);
  87   2                      SCLK = 1;
  88   2                      _nop_();
  89   2                      SCLK = 0;//DS1302下降沿时，放置数据
  90   2                      _nop_();
  91   2              }
  92   1      
  93   1              RST = 0;
  94   1              _nop_();        //以下为DS1302复位的稳定时间,必须的。
  95   1              SCLK = 1;
  96   1              _nop_();
  97   1              DSIO = 0;
  98   1              _nop_();
  99   1              DSIO = 1;
 100   1              _nop_();
 101   1              return dat;     
 102   1      }
 103          
 104          /*******************************************************************************
 105          * 函 数 名         : Ds1302Init
 106          * 函数功能                 : 初始化DS1302.
 107          * 输    入         : 无
 108          * 输    出         : 无
 109          *******************************************************************************/
 110          
 111          void Ds1302Init()
 112          {
 113   1              uchar n;
 114   1              Ds1302Write(0x8E,0X00);          //禁止写保护，就是关闭写保护功能
 115   1              for (n=0; n<7; n++)//写入7个字节的时钟信号：分秒时日月周年
 116   1              {
 117   2                      Ds1302Write(WRITE_RTC_ADDR[n],TIME[n]); 
C51 COMPILER V9.01   DS1302                                                                09/20/2019 08:40:58 PAGE 3   

 118   2              }
 119   1              Ds1302Write(0x8E,0x80);          //打开写保护功能
 120   1      }
 121          
 122          /*******************************************************************************
 123          * 函 数 名         : Ds1302ReadTime
 124          * 函数功能                 : 读取时钟信息
 125          * 输    入         : 无
 126          * 输    出         : 无
 127          *******************************************************************************/
 128          
 129          void Ds1302ReadTime()
 130          {
 131   1              uchar n;
 132   1              for (n=0; n<7; n++)//读取7个字节的时钟信号：分秒时日月周年
 133   1              {
 134   2                      TIME[n] = Ds1302Read(READ_RTC_ADDR[n]);
 135   2              }
 136   1                      
 137   1      }
 138          
 139          
 140          
 141          void DS1302datapros()    
 142          {
 143   1              Ds1302ReadTime();
 144   1              DisPlayData[0] = smgduan[TIME[2]/16];                           //时
 145   1              DisPlayData[1] = smgduan[TIME[2]&0x0f];                          
 146   1              DisPlayData[2] = 0x40;
 147   1              DisPlayData[3] = smgduan[TIME[1]/16];                           //分
 148   1              DisPlayData[4] = smgduan[TIME[1]&0x0f]; 
 149   1              DisPlayData[5] = 0x40;
 150   1              DisPlayData[6] = smgduan[TIME[0]/16];                           //秒
 151   1              DisPlayData[7] = smgduan[TIME[0]&0x0f];
 152   1      }
 153          
 154          void DS1302_Test(void)
 155          {
 156   1              
 157   1              Ds1302Init();
 158   1              while(1)
 159   1              {
 160   2                      DS1302datapros();        //数据处理函数
 161   2                      DigDisplay();//数码管显示函数
 162   2                      if(KeyValue!=DS1302_TEST)
 163   2                      {
 164   3                              return; 
 165   3                      }
 166   2              }
 167   1      } 


MODULE INFORMATION:   STATIC OVERLAYABLE
   CODE SIZE        =    273    ----
   CONSTANT SIZE    =     14    ----
   XDATA SIZE       =   ----    ----
   PDATA SIZE       =   ----    ----
   DATA SIZE        =      7    ----
   IDATA SIZE       =   ----    ----
   BIT SIZE         =   ----    ----
END OF MODULE INFORMATION.


C51 COMPILATION COMPLETE.  0 WARNING(S),  0 ERROR(S)
