C51 COMPILER V9.01   KEY                                                                   09/20/2019 08:40:56 PAGE 1   


C51 COMPILER V9.01, COMPILATION OF MODULE KEY
OBJECT MODULE PLACED IN key.OBJ
COMPILER INVOKED BY: D:\YZ\KEILC51\C51\BIN\C51.EXE key.c BROWSE DEBUG OBJECTEXTEND

line level    source

   1          #include "key.h"
   2          
   3          
   4          //mode=0 单次   1：连续
   5          u8 KeyScan(u8 mode)
   6          {
   7   1              static u8 keyen=1;
   8   1              if(mode==1)
   9   1              {
  10   2                      keyen=1;
  11   2              }
  12   1              if(keyen==1&&(k1==0||k2==0||k3==0||k4==0))
  13   1              {
  14   2                      delay(1000);  //消抖处理
  15   2                      keyen=0;
  16   2                      if(k1==0)return KEY1;
  17   2                      else if(k2==0)return KEY2;
  18   2                      else if(k3==0)return KEY3;
  19   2                      else if(k4==0)return KEY4;                              
  20   2              }
  21   1              else if(k1==1&&k2==1&&k3==1&&k4==1)
  22   1              {
  23   2                      keyen=1;
  24   2              }
  25   1              return 0;       
  26   1      }
  27          
  28          
  29          void KEY_Scan(void)
  30          {
  31   1              char a=0;
  32   1              
  33   1              KEY_PORT=0x0f;
  34   1              if(KEY_PORT!=0x0f)//读取按键是否按下
  35   1              {
  36   2                      delay(1000);//延时10ms进行消抖
  37   2                      if(KEY_PORT!=0x0f)//再次检测键盘是否按下
  38   2                      {       
  39   3                              //测试列
  40   3                              KEY_PORT=0X0F;
  41   3                              switch(KEY_PORT)
  42   3                              {
  43   4                                      case(0X07):     KeyValue=1;break;
  44   4                                      case(0X0b):     KeyValue=2;break;
  45   4                                      case(0X0d): KeyValue=3;break;
  46   4                                      case(0X0e):     KeyValue=4;break;
  47   4                              }
  48   3                              //测试行
  49   3                              KEY_PORT=0XF0;
  50   3                              switch(KEY_PORT)
  51   3                              {
  52   4                                      case(0X70):     KeyValue=KeyValue;break;
  53   4                                      case(0Xb0):     KeyValue=KeyValue+4;break;
  54   4                                      case(0Xd0): KeyValue=KeyValue+8;break;
  55   4                                      case(0Xe0):     KeyValue=KeyValue+12;break;
C51 COMPILER V9.01   KEY                                                                   09/20/2019 08:40:56 PAGE 2   

  56   4                              }
  57   3                              while((a<50)&&(KEY_PORT!=0xf0))  //检测按键松手检测
  58   3                              {
  59   4                                      delay(1000);
  60   4                                      a++;
  61   4                              }
  62   3                      }
  63   2              }
  64   1      }


MODULE INFORMATION:   STATIC OVERLAYABLE
   CODE SIZE        =    208    ----
   CONSTANT SIZE    =   ----    ----
   XDATA SIZE       =   ----    ----
   PDATA SIZE       =   ----    ----
   DATA SIZE        =      1       1
   IDATA SIZE       =   ----    ----
   BIT SIZE         =   ----    ----
END OF MODULE INFORMATION.


C51 COMPILATION COMPLETE.  0 WARNING(S),  0 ERROR(S)
