C51 COMPILER V9.01   LED                                                                   09/20/2019 08:40:57 PAGE 1   


C51 COMPILER V9.01, COMPILATION OF MODULE LED
OBJECT MODULE PLACED IN led.OBJ
COMPILER INVOKED BY: D:\YZ\KEILC51\C51\BIN\C51.EXE led.c BROWSE DEBUG OBJECTEXTEND

line level    source

   1          #include "led.h"
   2          
   3          void LED_Test(void)
   4          {
   5   1              u8 i;
   6   1              LED_PORT=0xfe;
   7   1              delay(20000); 
   8   1      
   9   1              while(1)
  10   1              {
  11   2              
  12   2                      for(i=0;i<8;i++)
  13   2                      {
  14   3                              LED_PORT=~(~0xfe<<i);
  15   3                              delay(20000); 
  16   3                              if(KeyValue!=LED_TEST)
  17   3                              {
  18   4                                      LED_PORT=0xff;
  19   4                                      return; 
  20   4                              }
  21   3                      }       
  22   2              }               
  23   1      }
  24          
  25          


MODULE INFORMATION:   STATIC OVERLAYABLE
   CODE SIZE        =     57    ----
   CONSTANT SIZE    =   ----    ----
   XDATA SIZE       =   ----    ----
   PDATA SIZE       =   ----    ----
   DATA SIZE        =   ----       1
   IDATA SIZE       =   ----    ----
   BIT SIZE         =   ----    ----
END OF MODULE INFORMATION.


C51 COMPILATION COMPLETE.  0 WARNING(S),  0 ERROR(S)
