C51 COMPILER V9.54   MAIN                                                                  09/01/2022 20:14:08 PAGE 1   


C51 COMPILER V9.54, COMPILATION OF MODULE MAIN
OBJECT MODULE PLACED IN main.OBJ
COMPILER INVOKED BY: D:\Keil_v5\C51\BIN\C51.EXE main.c OPTIMIZE(8,SPEED) BROWSE DEBUG OBJECTEXTEND

line level    source

   1          #include "reg51.h"
   2          #include<intrins.h>
   3          typedef unsigned int u16;
   4          typedef unsigned char u8;
   5           
   6          sbit SRCLK=P3^6;
   7          sbit RCLK=P3^5;
   8          sbit SER=P3^4;
   9          #define lde P0
  10          #define lv P1
  11           
  12          u8 code lie[]={0xff,0x99,0x00,0x00,0x00,0x81,0xc3,0xe7};
  13          //心下型
  14          u8 code hang[]={0x01,0x02,0x04,0x08,0x10,0x20,0x40,0x80};
  15          //行动态扫描
  16          u8 code liea[]={0xff,0xff,0xff,0xff,0xff,0xff,0xff,0xff};
  17          //全1列（高电平，全灭）
  18          u8 code lieb[]={0xff,0x81,0xe7,0xe7,0xe7,0xe7,0xe7,0x81};
  19          //I
  20          u8 code liec[]={0xff,0x99,0x99,0x99,0x99,0x99,0xc3,0xe7};
  21          //U
  22          u8 code liee[]={0xFF,0xFF,0xDB,0x81,0x81,0xC3,0xE7,0xFF};
  23          //小心
  24          u8 code lief[]={0xCD,0xB4,0xB5,0xB5,0xB5,0xB5,0xB5,0xC8};
  25          //10
  26          u8 code lieg[]={0xff,0xe7,0xDB,0xDB,0xC7,0xDF,0xDB,0xE7};
  27          //9
  28          u8 code lieh[]={0xFF,0xE7,0xDB,0xDB,0xE7,0xDB,0xDB,0xE7};
  29          //8
  30          u8 code liei[]={0xFF,0xC3,0xDB,0xDF,0xEF,0xF7,0xF7,0xF7};
  31          //7
  32          u8 code liej[]={0xFF,0xE7,0xDB,0xFB,0xE3,0xDB,0xDB,0xE7};
  33          //6
  34          u8 code liek[]={0xFF,0xC3,0xFB,0xFB,0xE7,0xDF,0xDB,0xE7};
  35          //5
  36          u8 code liel[]={0xFF,0xEF,0xE7,0xEB,0xED,0xC3,0xEF,0xEF};
  37          //4
  38          u8 code liem[]={0xFF,0xE7,0xDB,0xDF,0xEF,0xDF,0xDB,0xE7};
  39          //3
  40          u8 code lien[]={0xFF,0xE7,0xDB,0xDF,0xEF,0xF7,0xFB,0xC3};
  41          //2
  42          u8 code lieo[]={0xFF,0xEF,0xE3,0xEF,0xEF,0xEF,0xEF,0xC3};
  43          //1
  44          u8 code liep[]={0xFF,0xE7,0xDB,0xDB,0xDB,0xDB,0xDB,0xE7};
  45          //0
  46          u8 code lieQ[]={0xFF,0xE7,0xFF,0xFF,0xFF,0xFF,0xFF,0xFF};
  47          u8 code lieR[]={0xDB,0xE7,0xFF,0xFF,0xFF,0xFF,0xFF,0xFF};
  48          u8 code lieS[]={0x99,0xE7,0xFF,0xFF,0xFF,0xFF,0xFF,0xFF};
  49          u8 code lieT[]={0x99,0x66,0xFF,0xFF,0xFF,0xFF,0xFF,0xFF};
  50          u8 code lieU[]={0x99,0x66,0x7E,0xFF,0xFF,0xFF,0xFF,0xFF};
  51          u8 code lieV[]={0x99,0x66,0x7E,0x7E,0xFF,0xFF,0xFF,0xFF};
  52          u8 code lieW[]={0x99,0x66,0x7E,0x7E,0xBD,0xFF,0xFF,0xFF};
  53          u8 code lieX[]={0x99,0x66,0x7E,0x7E,0xBD,0xDB,0xFF,0xFF};
  54          u8 code lieY[]={0x99,0x66,0x7E,0x7E,0xBD,0xDB,0xE7,0xFF};
  55          //环心 上
C51 COMPILER V9.54   MAIN                                                                  09/01/2022 20:14:08 PAGE 2   

  56          u8 code lieac[]={0xFF,0x99,0x66,0x7E,0x7E,0xBD,0xDB,0xE7};
  57          u8 code liez[]={0xFF,0x99,0x81,0x81,0xC3,0xE7,0xFF,0xFF};
  58          //小心上
  59          u8 code lieab[]={0xFF,0xFF,0x99,0x81,0x81,0xC3,0xE7,0xFF};
  60          //小心下
  61           
  62           
  63           
  64           
  65           
  66           
  67          void HC595shuru(u8 dat)
  68          {
  69   1          u8  i;
  70   1          RCLK=0;
  71   1          SRCLK=0;
  72   1          for(i=0;i<8;i++)
  73   1               {
  74   2                   SER=dat>>7 ;
  75   2                   dat<<=1;
  76   2                   SRCLK=1;
  77   2                   _nop_();
  78   2                   _nop_();
  79   2                   SRCLK=0;
  80   2               }
  81   1          RCLK=1;
  82   1          _nop_();
  83   1          _nop_();
  84   1          RCLK=0;
  85   1      }
  86           
  87          void delay(u16 i)
  88          {
  89   1        while(i--);
  90   1      }
  91           
  92           
  93           void  liexuan()
  94           {
  95   1           u8 a;
  96   1              for(a=0;a<8;a++)
  97   1                {
  98   2                  HC595shuru(hang[a]);
  99   2                  lde=lie[a];
 100   2                  lv=liea[a];
 101   2                  delay(100);
 102   2                  P0=0xff;
 103   2                }
 104   1       }
 105           void liexuana()
 106           {
 107   1            u8  i;
 108   1               for(i=0;i<8;i++)
 109   1               {
 110   2                  HC595shuru(hang[i]);
 111   2                  lde=liea[i];
 112   2                  lv=liea[i];
 113   2                  delay(100);
 114   2                      P0=0xff;
 115   2              }
 116   1      }
 117           void liexuanb()
C51 COMPILER V9.54   MAIN                                                                  09/01/2022 20:14:08 PAGE 3   

 118           {
 119   1            u8  j;
 120   1               for(j=0;j<8;j++)
 121   1               {
 122   2                  HC595shuru(hang[j]);
 123   2                  lde=lieb[j];
 124   2                  lv=liea[j];
 125   2                  delay(100);
 126   2                      P0=0xff;
 127   2              }
 128   1      }
 129           void liexuanc()
 130           {
 131   1            u8  k;
 132   1               for(k=0;k<8;k++)
 133   1               {
 134   2                  HC595shuru(hang[k]);
 135   2                  lde=liec[k];
 136   2                  lv=liea[k];
 137   2                  delay(100);
 138   2                      P0=0xff;
 139   2              }
 140   1      }
 141           
 142          void liexuane()
 143           {
 144   1            u8  g;
 145   1               for(g=0;g<8;g++)
 146   1               {
 147   2                  HC595shuru(hang[g]);
 148   2                  lde=liee[g];
 149   2                  lv=liea[g];
 150   2                  delay(100);
 151   2                      P0=0xff;
 152   2              }
 153   1      }
 154          void liexuanf()
 155           {
 156   1            u8  i;
 157   1               for(i=0;i<8;i++)
 158   1               {
 159   2                  HC595shuru(hang[i]);
 160   2                  lde=lief[i];
 161   2                  lv=liea[i];
 162   2                  delay(100);
 163   2                      P0=0xff;
 164   2              }
 165   1      }
 166          void liexuang()
 167           {
 168   1            u8  i;
 169   1               for(i=0;i<8;i++)
 170   1               {
 171   2                  HC595shuru(hang[i]);
 172   2                  lde=lieg[i];
 173   2                  lv=liea[i];
 174   2                  delay(100);
 175   2                      P0=0xff;
 176   2              }
 177   1      }
 178          void liexuanh()
 179           {
C51 COMPILER V9.54   MAIN                                                                  09/01/2022 20:14:08 PAGE 4   

 180   1            u8  i;
 181   1               for(i=0;i<8;i++)
 182   1               {
 183   2                  HC595shuru(hang[i]);
 184   2                  lde=lieh[i];
 185   2                  lv=liea[i];
 186   2                  delay(100);
 187   2                      P0=0xff;
 188   2              }
 189   1      }
 190          void liexuani()
 191           {
 192   1            u8  i;
 193   1               for(i=0;i<8;i++)
 194   1               {
 195   2                  HC595shuru(hang[i]);
 196   2                  lde=liei[i];
 197   2                  lv=liea[i];
 198   2                  delay(100);
 199   2                      P0=0xff;
 200   2              }
 201   1      }
 202          void liexuanj()
 203           {
 204   1            u8  i;
 205   1               for(i=0;i<8;i++)
 206   1               {
 207   2                  HC595shuru(hang[i]);
 208   2                  lde=liej[i];
 209   2                  lv=liea[i];
 210   2                  delay(100);
 211   2                      P0=0xff;
 212   2              }
 213   1      }
 214          void liexuank()
 215           {
 216   1            u8  i;
 217   1               for(i=0;i<8;i++)
 218   1               {
 219   2                  HC595shuru(hang[i]);
 220   2                  lde=liek[i];
 221   2                  lv=liea[i];
 222   2                  delay(100);
 223   2                      P0=0xff;
 224   2              }
 225   1      }
 226          void liexuanl()
 227           {
 228   1            u8  i;
 229   1               for(i=0;i<8;i++)
 230   1               {
 231   2                  HC595shuru(hang[i]);
 232   2                  lde=liel[i];
 233   2                  lv=liea[i];
 234   2                  delay(100);
 235   2                      P0=0xff;
 236   2              }
 237   1      }
 238          void liexuanm()
 239           {
 240   1            u8  i;
 241   1               for(i=0;i<8;i++)
C51 COMPILER V9.54   MAIN                                                                  09/01/2022 20:14:08 PAGE 5   

 242   1               {
 243   2                  HC595shuru(hang[i]);
 244   2                  lde=liem[i];
 245   2                  lv=liea[i];
 246   2                  delay(100);
 247   2                      P0=0xff;
 248   2              }
 249   1      }
 250          void liexuann()
 251           {
 252   1            u8  i;
 253   1               for(i=0;i<8;i++)
 254   1               {
 255   2                  HC595shuru(hang[i]);
 256   2                  lde=lien[i];
 257   2                  lv=liea[i];
 258   2                  delay(100);
 259   2                      P0=0xff;
 260   2              }
 261   1      }
 262          void liexuano()
 263           {
 264   1            u8  i;
 265   1               for(i=0;i<8;i++)
 266   1               {
 267   2                  HC595shuru(hang[i]);
 268   2                  lde=lieo[i];
 269   2                  lv=liea[i];
 270   2                  delay(100);
 271   2                      P0=0xff;
 272   2              }
 273   1      }
 274          void liexuanp()
 275           {
 276   1            u8  i;
 277   1               for(i=0;i<8;i++)
 278   1               {
 279   2                  HC595shuru(hang[i]);
 280   2                  lde=liep[i];
 281   2                  lv=liea[i];
 282   2                  delay(100);
 283   2                  P0=0xff;
 284   2              }
 285   1      }
 286          void liexuanQ()
 287           {
 288   1            u8  i;
 289   1               for(i=0;i<8;i++)
 290   1               {
 291   2                  HC595shuru(hang[i]);
 292   2                  lv=lieQ[i];
 293   2                  delay(100);
 294   2                  P1=0xff;
 295   2              }
 296   1      }
 297          void liexuanR()
 298           {
 299   1            u8  i;
 300   1               for(i=0;i<8;i++)
 301   1               {
 302   2                  HC595shuru(hang[i]);
 303   2                  lv=lieR[i];
C51 COMPILER V9.54   MAIN                                                                  09/01/2022 20:14:08 PAGE 6   

 304   2                  delay(100);
 305   2                  P1=0xff;
 306   2              }
 307   1      }
 308          void liexuanS()
 309           {
 310   1            u8  i;
 311   1               for(i=0;i<8;i++)
 312   1               {
 313   2                  HC595shuru(hang[i]);
 314   2                  lv=lieS[i];
 315   2                  delay(100);
 316   2                  P1=0xff;
 317   2              }
 318   1      }
 319          void liexuanT()
 320           {
 321   1            u8  i;
 322   1               for(i=0;i<8;i++)
 323   1               {
 324   2                  HC595shuru(hang[i]);
 325   2                  lv=lieT[i];
 326   2                  delay(100);
 327   2                  P1=0xff;
 328   2              }
 329   1      }
 330          void liexuanU()
 331           {
 332   1            u8  i;
 333   1               for(i=0;i<8;i++)
 334   1               {
 335   2                  HC595shuru(hang[i]);
 336   2                  lv=lieU[i];
 337   2                  delay(100);
 338   2                  P1=0xff;
 339   2              }
 340   1      }
 341          void liexuanV()
 342           {
 343   1            u8  i;
 344   1               for(i=0;i<8;i++)
 345   1               {
 346   2                  HC595shuru(hang[i]);
 347   2                  lv=lieV[i];
 348   2                  delay(100);
 349   2                  P1=0xff;
 350   2              }
 351   1      }
 352          void liexuanW()
 353           {
 354   1            u8  i;
 355   1               for(i=0;i<8;i++)
 356   1               {
 357   2                  HC595shuru(hang[i]);
 358   2                  lv=lieW[i];
 359   2                  delay(100);
 360   2                  P1=0xff;
 361   2              }
 362   1      }
 363          void liexuanX()
 364           {
 365   1            u8  i;
C51 COMPILER V9.54   MAIN                                                                  09/01/2022 20:14:08 PAGE 7   

 366   1               for(i=0;i<8;i++)
 367   1               {
 368   2                  HC595shuru(hang[i]);
 369   2                  lv=lieX[i];
 370   2                  delay(100);
 371   2                  P1=0xff;
 372   2              }
 373   1      }
 374          void liexuanY()
 375           {
 376   1            u8  i;
 377   1               for(i=0;i<8;i++)
 378   1               {
 379   2                  HC595shuru(hang[i]);
 380   2                  lv=lieY[i];
 381   2                  delay(100);
 382   2                  P1=0xff;
 383   2              }
 384   1      }
 385          void liexuanz()
 386           {
 387   1            u8  i;
 388   1               for(i=0;i<8;i++)
 389   1               {
 390   2                  HC595shuru(hang[i]);
 391   2                  lv=lieY[i];
 392   2                  lde=liez[i];
 393   2                  delay(100);
 394   2                  P0=0xff;
 395   2                  P1=0xff;
 396   2              }
 397   1      }
 398          void liexuanab()
 399           {
 400   1            u8  i;
 401   1               for(i=0;i<8;i++)
 402   1               {
 403   2                  HC595shuru(hang[i]);
 404   2                  lv=lieac[i];
 405   2                  lde=lieab[i];
 406   2                  delay(100);
 407   2                  P0=0xff;
 408   2                  P1=0xff;
 409   2              }
 410   1      }
 411          void liexuanar()
 412           {
 413   1            u8  i;
 414   1               for(i=0;i<8;i++)
 415   1               {
 416   2                  HC595shuru(hang[i]);
 417   2                  lv=lie[i];
 418   2                  lde=liea[i];
 419   2                  delay(100);
 420   2                  P0=0xff;
 421   2                  P1=0xff;
 422   2              }
 423   1      }
 424          void main()
 425          {
 426   1         while(1)
 427   1         {
C51 COMPILER V9.54   MAIN                                                                  09/01/2022 20:14:08 PAGE 8   

 428   2          u8 b;
 429   2           for(b=0;b<30;b++)
 430   2              {
 431   3              liexuanf();
 432   3              }
 433   2           for(b=0;b<30;b++)
 434   2              {
 435   3              liexuana();
 436   3              }
 437   2           for(b=0;b<30;b++)
 438   2              {
 439   3              liexuang();
 440   3              }
 441   2          for(b=0;b<30;b++)
 442   2              {
 443   3              liexuana();
 444   3              }
 445   2           for(b=0;b<30;b++)
 446   2              {
 447   3              liexuanh();
 448   3              }
 449   2          for(b=0;b<30;b++)
 450   2              {
 451   3              liexuana();
 452   3              }
 453   2          for(b=0;b<30;b++)
 454   2              {
 455   3              liexuani();
 456   3              }
 457   2          for(b=0;b<30;b++)
 458   2              {
 459   3              liexuana();
 460   3              }
 461   2          for(b=0;b<30;b++)
 462   2              {
 463   3              liexuanj();
 464   3              }
 465   2          for(b=0;b<30;b++)
 466   2              {
 467   3              liexuana();
 468   3              }
 469   2          for(b=0;b<30;b++)
 470   2              {
 471   3              liexuank();
 472   3              }
 473   2          for(b=0;b<30;b++)
 474   2              {
 475   3              liexuana();
 476   3              }
 477   2          for(b=0;b<30;b++)
 478   2              {
 479   3              liexuanl();
 480   3              }
 481   2          for(b=0;b<30;b++)
 482   2              {
 483   3              liexuana();
 484   3              }
 485   2          for(b=0;b<30;b++)
 486   2              {
 487   3              liexuanm();
 488   3              }
 489   2          for(b=0;b<30;b++)
C51 COMPILER V9.54   MAIN                                                                  09/01/2022 20:14:08 PAGE 9   

 490   2              {
 491   3              liexuana();
 492   3              }
 493   2          for(b=0;b<30;b++)
 494   2              {
 495   3              liexuann();
 496   3              }
 497   2          for(b=0;b<30;b++)
 498   2              {
 499   3              liexuana();
 500   3              }
 501   2          for(b=0;b<30;b++)
 502   2              {
 503   3              liexuano();
 504   3              }
 505   2          for(b=0;b<30;b++)
 506   2              {
 507   3              liexuana();
 508   3              }
 509   2          for(b=0;b<30;b++)
 510   2              {
 511   3              liexuanp();
 512   3              }
 513   2          for(b=0;b<30;b++)
 514   2              {
 515   3              liexuana();
 516   3              }
 517   2           for(b=0;b<30;b++)
 518   2              {
 519   3              liexuan();
 520   3              }
 521   2           for(b=0;b<30;b++)
 522   2              {
 523   3              liexuane();
 524   3              }
 525   2           for(b=0;b<30;b++)
 526   2              {
 527   3              liexuan();
 528   3              }
 529   2           for(b=0;b<30;b++)
 530   2              {
 531   3              liexuane();
 532   3              }
 533   2           for(b=0;b<30;b++)
 534   2              {
 535   3              liexuan();
 536   3              }
 537   2           for(b=0;b<30;b++)
 538   2              {
 539   3              liexuane();
 540   3              }
 541   2           for(b=0;b<30;b++)
 542   2              {
 543   3              liexuan();
 544   3              }
 545   2           for(b=0;b<30;b++)
 546   2              {
 547   3              liexuane();
 548   3              }
 549   2           for(b=0;b<30;b++)
 550   2              {
 551   3              liexuan();
C51 COMPILER V9.54   MAIN                                                                  09/01/2022 20:14:08 PAGE 10  

 552   3              }
 553   2            for(b=0;b<30;b++)
 554   2              {
 555   3              liexuanar();
 556   3              }
 557   2            for(b=0;b<30;b++)
 558   2              {
 559   3              liexuan();
 560   3              }
 561   2            for(b=0;b<30;b++)
 562   2              {
 563   3              liexuanar();
 564   3              }
 565   2            for(b=0;b<30;b++)
 566   2              {
 567   3              liexuan();
 568   3              }
 569   2            for(b=0;b<30;b++)
 570   2              {
 571   3              liexuanar();
 572   3              }
 573   2            for(b=0;b<30;b++)
 574   2              {
 575   3              liexuan();
 576   3              }
 577   2            for(b=0;b<30;b++)
 578   2              {
 579   3              liexuanar();
 580   3              }
 581   2            for(b=0;b<100;b++)
 582   2              {
 583   3              liexuanb();
 584   3              }
 585   2            for(b=0;b<30;b++)
 586   2              {
 587   3              liexuana();
 588   3              }
 589   2            for(b=0;b<100;b++)
 590   2              {
 591   3              liexuan();
 592   3              }
 593   2            for(b=0;b<30;b++)
 594   2              {
 595   3              liexuana();
 596   3              }
 597   2            for(b=0;b<100;b++)
 598   2              {
 599   3              liexuanc();
 600   3              }
 601   2            for(b=0;b<30;b++)
 602   2              {
 603   3              liexuana();
 604   3              }
 605   2      //      流水
 606   2            for(b=0;b<20;b++)
 607   2              {
 608   3              liexuanQ();
 609   3              }
 610   2              for(b=0;b<20;b++)
 611   2              {
 612   3              liexuanR();
 613   3              }
C51 COMPILER V9.54   MAIN                                                                  09/01/2022 20:14:08 PAGE 11  

 614   2              for(b=0;b<20;b++)
 615   2              {
 616   3              liexuanS();
 617   3              }
 618   2              for(b=0;b<20;b++)
 619   2              {
 620   3              liexuanT();
 621   3              }
 622   2              for(b=0;b<20;b++)
 623   2              {
 624   3              liexuanU();
 625   3              }
 626   2              for(b=0;b<20;b++)
 627   2              {
 628   3              liexuanV();
 629   3              }
 630   2              for(b=0;b<20;b++)
 631   2              {
 632   3              liexuanW();
 633   3              }
 634   2              for(b=0;b<20;b++)
 635   2              {
 636   3              liexuanX();
 637   3              }
 638   2              for(b=0;b<20;b++)
 639   2              {
 640   3              liexuanY();
 641   3              }
 642   2      //  上下
 643   2            for(b=0;b<60;b++)
 644   2              {
 645   3              liexuanz();
 646   3              }
 647   2            for(b=0;b<30;b++)
 648   2              {
 649   3              liexuanab();
 650   3              }
 651   2            for(b=0;b<30;b++)
 652   2              {
 653   3              liexuanz();
 654   3              }
 655   2            for(b=0;b<30;b++)
 656   2              {
 657   3              liexuanab();
 658   3              }
 659   2            for(b=0;b<30;b++)
 660   2              {
 661   3              liexuanz();
 662   3              }
 663   2            for(b=0;b<30;b++)
 664   2              {
 665   3              liexuanab();
 666   3              }
 667   2              for(b=0;b<150;b++)
 668   2              {
 669   3              liexuanz();
 670   3              }
 671   2          }
 672   1      }


MODULE INFORMATION:   STATIC OVERLAYABLE
C51 COMPILER V9.54   MAIN                                                                  09/01/2022 20:14:08 PAGE 12  

   CODE SIZE        =   1574    ----
   CONSTANT SIZE    =    232    ----
   XDATA SIZE       =   ----    ----
   PDATA SIZE       =   ----    ----
   DATA SIZE        =   ----       1
   IDATA SIZE       =   ----    ----
   BIT SIZE         =   ----    ----
END OF MODULE INFORMATION.


C51 COMPILATION COMPLETE.  0 WARNING(S),  0 ERROR(S)
