C51 COMPILER V9.01   BEEP                                                                  09/20/2019 08:42:40 PAGE 1   


C51 COMPILER V9.01, COMPILATION OF MODULE BEEP
OBJECT MODULE PLACED IN beep.OBJ
COMPILER INVOKED BY: D:\YZ\KEILC51\C51\BIN\C51.EXE beep.c BROWSE DEBUG OBJECTEXTEND

line level    source

   1          #include "beep.h"
   2          
   3          
   4          void BEEP_Test(void)
   5          {
   6   1              while(1)
   7   1              {       
   8   2              
   9   2                      BEEP=~BEEP;
  10   2                      delay(10); //通过修改此延时时间达到不同的发声效果
  11   2                      
  12   2                      if(KeyValue!=BEEP_TEST)
  13   2                      {
  14   3                              return; 
  15   3                      }       
  16   2              }
  17   1      }


MODULE INFORMATION:   STATIC OVERLAYABLE
   CODE SIZE        =     16    ----
   CONSTANT SIZE    =   ----    ----
   XDATA SIZE       =   ----    ----
   PDATA SIZE       =   ----    ----
   DATA SIZE        =   ----    ----
   IDATA SIZE       =   ----    ----
   BIT SIZE         =   ----    ----
END OF MODULE INFORMATION.


C51 COMPILATION COMPLETE.  0 WARNING(S),  0 ERROR(S)
