C51 COMPILER V9.01   LCD1602                                                               09/20/2019 08:40:59 PAGE 1   


C51 COMPILER V9.01, COMPILATION OF MODULE LCD1602
OBJECT MODULE PLACED IN lcd1602.OBJ
COMPILER INVOKED BY: D:\YZ\KEILC51\C51\BIN\C51.EXE lcd1602.c BROWSE DEBUG OBJECTEXTEND

line level    source

   1          #include "lcd1602.h"
   2          
   3          
   4          u8 Disp1[]=" KAI TUO ZHE V2 ";
   5          u8 Disp2[]="  Hello World!  ";
   6          
   7          /*******************************************************************************
   8          * 函 数 名         : Lcd1602_Delay1ms
   9          * 函数功能                 : 延时函数，延时1ms
  10          * 输    入         : c
  11          * 输    出         : 无
  12          * 说    名         : 该函数是在12MHZ晶振下，12分频单片机的延时。
  13          *******************************************************************************/
  14          
  15          void Lcd1602_Delay1ms(uint c)   //误差 0us
  16          {
  17   1          uchar a,b;
  18   1              for (; c>0; c--)
  19   1              {
  20   2                       for (b=199;b>0;b--)
  21   2                       {
  22   3                              for(a=1;a>0;a--);
  23   3                       }      
  24   2              }
  25   1              
  26   1      }
  27          
  28          /*******************************************************************************
  29          * 函 数 名         : LcdWriteCom
  30          * 函数功能                 : 向LCD写入一个字节的命令
  31          * 输    入         : com
  32          * 输    出         : 无
  33          *******************************************************************************/
  34          #ifndef         LCD1602_4PINS    //当没有定义这个LCD1602_4PINS时
              void LcdWriteCom(uchar com)       //写入命令
              {
                      LCD1602_E = 0;     //使能
                      LCD1602_RS = 0;    //选择发送命令
                      LCD1602_RW = 0;    //选择写入
                      
                      LCD1602_DATAPINS = com;     //放入命令
                      Lcd1602_Delay1ms(1);            //等待数据稳定
              
                      LCD1602_E = 1;            //写入时序
                      Lcd1602_Delay1ms(5);      //保持时间
                      LCD1602_E = 0;
              }
              #else 
  49          void LcdWriteCom(uchar com)       //写入命令
  50          {
  51   1              LCD1602_E = 0;   //使能清零
  52   1              LCD1602_RS = 0;  //选择写入命令
  53   1              LCD1602_RW = 0;  //选择写入
  54   1      
  55   1              LCD1602_DATAPINS = com; //由于4位的接线是接到P0口的高四位，所以传送高四位不用改
C51 COMPILER V9.01   LCD1602                                                               09/20/2019 08:40:59 PAGE 2   

  56   1              Lcd1602_Delay1ms(1);
  57   1      
  58   1              LCD1602_E = 1;   //写入时序
  59   1              Lcd1602_Delay1ms(5);
  60   1              LCD1602_E = 0;
  61   1      
  62   1              LCD1602_DATAPINS = com << 4; //发送低四位
  63   1              Lcd1602_Delay1ms(1);
  64   1      
  65   1              LCD1602_E = 1;   //写入时序
  66   1              Lcd1602_Delay1ms(5);
  67   1              LCD1602_E = 0;
  68   1      }
  69          #endif
  70          /*******************************************************************************
  71          * 函 数 名         : LcdWriteData
  72          * 函数功能                 : 向LCD写入一个字节的数据
  73          * 输    入         : dat
  74          * 输    出         : 无
  75          *******************************************************************************/                   
  76          #ifndef         LCD1602_4PINS              
              void LcdWriteData(uchar dat)                    //写入数据
              {
                      LCD1602_E = 0;  //使能清零
                      LCD1602_RS = 1; //选择输入数据
                      LCD1602_RW = 0; //选择写入
              
                      LCD1602_DATAPINS = dat; //写入数据
                      Lcd1602_Delay1ms(1);
              
                      LCD1602_E = 1;   //写入时序
                      Lcd1602_Delay1ms(5);   //保持时间
                      LCD1602_E = 0;
              }
              #else
  91          void LcdWriteData(uchar dat)                    //写入数据
  92          {
  93   1              LCD1602_E = 0;    //使能清零
  94   1              LCD1602_RS = 1;   //选择写入数据
  95   1              LCD1602_RW = 0;   //选择写入
  96   1      
  97   1              LCD1602_DATAPINS = dat; //由于4位的接线是接到P0口的高四位，所以传送高四位不用改
  98   1              Lcd1602_Delay1ms(1);
  99   1      
 100   1              LCD1602_E = 1;    //写入时序
 101   1              Lcd1602_Delay1ms(5);
 102   1              LCD1602_E = 0;
 103   1      
 104   1              LCD1602_DATAPINS = dat << 4; //写入低四位
 105   1              Lcd1602_Delay1ms(1);
 106   1      
 107   1              LCD1602_E = 1;    //写入时序
 108   1              Lcd1602_Delay1ms(5);
 109   1              LCD1602_E = 0;
 110   1      }
 111          #endif
 112          /*******************************************************************************
 113          * 函 数 名       : LcdInit()
 114          * 函数功能               : 初始化LCD屏
 115          * 输    入       : 无
 116          * 输    出       : 无
 117          *******************************************************************************/                   
C51 COMPILER V9.01   LCD1602                                                               09/20/2019 08:40:59 PAGE 3   

 118          #ifndef         LCD1602_4PINS
              void LcdInit()                                            //LCD初始化子程序
              {
                      LcdWriteCom(0x38);  //开显示
                      LcdWriteCom(0x0c);  //开显示不显示光标
                      LcdWriteCom(0x06);  //写一个指针加1
                      LcdWriteCom(0x01);  //清屏
                      LcdWriteCom(0x80);  //设置数据指针起点
              }
              #else
 128          void LcdInit()                                            //LCD初始化子程序
 129          {
 130   1              LcdWriteCom(0x32);       //将8位总线转为4位总线
 131   1              LcdWriteCom(0x28);       //在四位线下的初始化
 132   1              LcdWriteCom(0x0c);  //开显示不显示光标
 133   1              LcdWriteCom(0x06);  //写一个指针加1
 134   1              LcdWriteCom(0x01);  //清屏
 135   1              LcdWriteCom(0x80);  //设置数据指针起点
 136   1      }
 137          #endif
 138          
 139          
 140          void LCD1602_Test(void)
 141          {
 142   1              
 143   1              u8 i;
 144   1              LcdInit();
 145   1              
 146   1              for(i=0;i<16;i++)
 147   1              {
 148   2                      LcdWriteData(Disp1[i]); 
 149   2              }
 150   1              LcdWriteCom(0x80+0x40);
 151   1              for(i=0;i<16;i++)
 152   1              {
 153   2                      LcdWriteData(Disp2[i]); 
 154   2              }
 155   1      
 156   1              while(1)
 157   1              {
 158   2                      
 159   2                      if(KeyValue!=LCD1602_TEST)
 160   2                      {
 161   3                                      
 162   3                              return; 
 163   3                      }
 164   2              }
 165   1      }
 166          
 167          


MODULE INFORMATION:   STATIC OVERLAYABLE
   CODE SIZE        =    165    ----
   CONSTANT SIZE    =   ----    ----
   XDATA SIZE       =   ----    ----
   PDATA SIZE       =   ----    ----
   DATA SIZE        =     34    ----
   IDATA SIZE       =   ----    ----
   BIT SIZE         =   ----    ----
END OF MODULE INFORMATION.


C51 COMPILATION COMPLETE.  0 WARNING(S),  0 ERROR(S)
