C51 COMPILER V9.01   LEDDZ                                                                 09/20/2019 08:40:57 PAGE 1   


C51 COMPILER V9.01, COMPILATION OF MODULE LEDDZ
OBJECT MODULE PLACED IN leddz.OBJ
COMPILER INVOKED BY: D:\YZ\KEILC51\C51\BIN\C51.EXE leddz.c BROWSE DEBUG OBJECTEXTEND

line level    source

   1          #include "leddz.h"
   2          
   3          
   4          void HC595SendByte(u8 dat)
   5          {
   6   1              u8 a;
   7   1              SRCLK=0;
   8   1              RCLK=0;
   9   1              for(a=0;a<8;a++)
  10   1              {
  11   2                      SER=dat>>7;
  12   2                      dat<<=1;
  13   2      
  14   2                      SRCLK=1;
  15   2                      _nop_();
  16   2                      _nop_();
  17   2                      SRCLK=0;        
  18   2              }
  19   1      
  20   1              RCLK=1;
  21   1              _nop_();
  22   1              _nop_();
  23   1              RCLK=0;
  24   1      }
  25          
  26          void LEDDZ_Test(void)
  27          {
  28   1              u8 i=0;
  29   1              while(1)
  30   1              {
  31   2                      for(i=0;i<8;i++)
  32   2                      {
  33   3                              HC595SendByte(0x80>>i);   //74HC595控制点阵行
  34   3                              LEDDZ_PORT=0x00;                //控制点阵列
  35   3                              delay(15000);
  36   3                              if(KeyValue!=LEDDZ_TEST)
  37   3                              {
  38   4                                      LEDDZ_PORT=0xff;
  39   4                                      return; 
  40   4                              }       
  41   3                      }       
  42   2              }
  43   1      }
  44          


MODULE INFORMATION:   STATIC OVERLAYABLE
   CODE SIZE        =     92    ----
   CONSTANT SIZE    =   ----    ----
   XDATA SIZE       =   ----    ----
   PDATA SIZE       =   ----    ----
   DATA SIZE        =   ----       1
   IDATA SIZE       =   ----    ----
   BIT SIZE         =   ----    ----
END OF MODULE INFORMATION.

C51 COMPILER V9.01   LEDDZ                                                                 09/20/2019 08:40:57 PAGE 2   


C51 COMPILATION COMPLETE.  0 WARNING(S),  0 ERROR(S)
