C51 COMPILER V9.54   MAIN                                                                  09/01/2022 15:36:32 PAGE 1   


C51 COMPILER V9.54, COMPILATION OF MODULE MAIN
OBJECT MODULE PLACED IN main.OBJ
COMPILER INVOKED BY: D:\Keil_v5\C51\BIN\C51.EXE main.c OPTIMIZE(8,SPEED) BROWSE DEBUG OBJECTEXTEND

line level    source

   1          /**************************************************************************************
   2          实验现象：下载程序后"动态数码管模块"从左至右显示0-7
   3          接线说明： 单片机-->动态数码管模块(具体接线图可见开发攻略对应实验的“实验现象”章节)
   4                                          
   5          注意事项：                                                                                                                                                                
   6          ***************************************************************************************/
   7          
   8          #include "reg52.h"                       //此文件中定义了单片机的一些特殊功能寄存器
   9          
  10          typedef unsigned int u16;         //对数据类型进行声明定义
  11          typedef unsigned char u8;
  12          
  13          sbit LSA=P2^2;
  14          sbit LSB=P2^3;
  15          sbit LSC=P2^4;
  16          
  17          u8 code smgduan[17]={0x3f,0x06,0x5b,0x4f,0x66,0x6d,0x7d,0x07,
  18                                                  0x7f,0x6f,0x77,0x7c,0x39,0x5e,0x79,0x71};//显示0~F的值
  19          
  20          
  21          /*******************************************************************************
  22          * 函 数 名         : delay
  23          * 函数功能                 : 延时函数，i=1时，大约延时10us
  24          *******************************************************************************/
  25          void delay(u16 i)
  26          {
  27   1              while(i--);     
  28   1      }
  29          
  30          /*******************************************************************************
  31          * 函 数 名         : DigDisplay
  32          * 函数功能                 : 数码管动态扫描函数，循环扫描8个数码管显示
  33          *******************************************************************************/
  34          void DigDisplay()
  35          {
  36   1              u8 i;
  37   1              for(i=0;i<8;i++)
  38   1              {
  39   2                      switch(i)        //位选，选择点亮的数码管，
  40   2                      {
  41   3                         case(0):
  42   3                                      LSA=1;LSB=1;LSC=1; break;//显示第0位
  43   3                              case(1):
  44   3                                      LSA=0;LSB=1;LSC=1; break;//显示第1位
  45   3                              case(2):
  46   3                                      LSA=1;LSB=0;LSC=1; break;//显示第2位
  47   3                              case(3):        
  48   3                                      LSA=0;LSB=0;LSC=1; break;//显示第3位
  49   3                              case(4):
  50   3                                      LSA=1;LSB=1;LSC=0; break;//显示第4位
  51   3                              case(5):
  52   3                                      LSA=0;LSB=1;LSC=0; break;//显示第5位
  53   3                              case(6):
  54   3                                      LSA=1;LSB=0;LSC=0; break;//显示第6位
  55   3                              case(7):
C51 COMPILER V9.54   MAIN                                                                  09/01/2022 15:36:32 PAGE 2   

  56   3                                      LSA=0;LSB=0;LSC=0; break;//显示第7位    
  57   3                      }
  58   2                      P0=smgduan[i];//发送段码
  59   2                      delay(100); //间隔一段时间扫描  
  60   2                      P0=0x00;//消隐
  61   2              }
  62   1      }
  63          
  64          /*******************************************************************************
  65          * 函 数 名       : main
  66          * 函数功能               : 主函数
  67          * 输    入       : 无
  68          * 输    出       : 无
  69          *******************************************************************************/
  70          void main()
  71          {       
  72   1              while(1)
  73   1              {       
  74   2                      DigDisplay();  //数码管显示函数 
  75   2              }               
  76   1      }


MODULE INFORMATION:   STATIC OVERLAYABLE
   CODE SIZE        =    125    ----
   CONSTANT SIZE    =     17    ----
   XDATA SIZE       =   ----    ----
   PDATA SIZE       =   ----    ----
   DATA SIZE        =   ----    ----
   IDATA SIZE       =   ----    ----
   BIT SIZE         =   ----    ----
END OF MODULE INFORMATION.


C51 COMPILATION COMPLETE.  0 WARNING(S),  0 ERROR(S)
