C51 COMPILER V9.54   DELAY                                                                 09/01/2022 18:06:37 PAGE 1   


C51 COMPILER V9.54, COMPILATION OF MODULE DELAY
OBJECT MODULE PLACED IN .\Objects\delay.obj
COMPILER INVOKED BY: D:\Keil_v5\C51\BIN\C51.EXE delay.c LARGE OPTIMIZE(8,SPEED) BROWSE DEBUG OBJECTEXTEND PRINT(.\Listin
                    -gs\delay.lst) OBJECT(.\Objects\delay.obj)

line level    source

   1          #include <delay.h>
   2          
   3          void delay(unsigned int xms)            //@11.0592MHz
   4          {
   5   1              unsigned char i, j;
   6   1      
   7   1              while(xms--){
   8   2              i = 2;
   9   2              j = 199;
  10   2              do
  11   2              {
  12   3                      while (--j);
  13   3              } while (--i);
  14   2              }
  15   1      }


MODULE INFORMATION:   STATIC OVERLAYABLE
   CODE SIZE        =     21    ----
   CONSTANT SIZE    =   ----    ----
   XDATA SIZE       =   ----    ----
   PDATA SIZE       =   ----    ----
   DATA SIZE        =   ----    ----
   IDATA SIZE       =   ----    ----
   BIT SIZE         =   ----    ----
END OF MODULE INFORMATION.


C51 COMPILATION COMPLETE.  0 WARNING(S),  0 ERROR(S)
